<?xml version="1.0" encoding="UTF-8"?>
<!-- Generated by org.testng.reporters.JUnitXMLReporter -->
<testsuite ignored="2" hostname="ravi" failures="0" tests="2" name="Smoke Test Suite" time="0.059" errors="0" timestamp="2025-08-10T11:23:00 IST">
  <testcase classname="day2.group" name="homepagetest" time="0.009"/>
  <testcase classname="day2.group" name="logintest" time="0.001"/>
  <testcase classname="day2.group" name="addcarttest" time="0.0">
    <ignored/>
  </testcase> <!-- addcarttest -->
  <testcase classname="day2.group" name="productdetails" time="0.0">
    <ignored/>
  </testcase> <!-- productdetails -->
</testsuite> <!-- Smoke Test Suite -->
